<?xml version="1.0" encoding="UTF-8"?>
<!-- Generated by org.testng.reporters.JUnitReportReporter -->
<testsuite hostname="DESKTOP-FE86A6T" failures="0" tests="1" name="runner.TestRunner3" time="90.048" errors="0" timestamp="2020-04-11T13:57:32 IST" skipped="0">
  <testcase classname="runner.TestRunner3" name="login" time="90.048"/>
  <system-out/>
</testsuite> <!-- runner.TestRunner3 -->
