<?xml version="1.0" encoding="UTF-8"?>
<!-- Generated by org.testng.reporters.JUnitReportReporter -->
<testsuite hostname="DESKTOP-FE86A6T" failures="0" tests="1" name="runner.TestRunner" time="50.384" errors="0" timestamp="2020-04-12T17:41:25 IST" skipped="0">
  <testcase classname="runner.TestRunner" name="login" time="50.384"/>
  <system-out/>
</testsuite> <!-- runner.TestRunner -->
