<?xml version="1.0" encoding="UTF-8"?>
<!-- Generated by org.testng.reporters.JUnitReportReporter -->
<testsuite hostname="DESKTOP-FE86A6T" failures="0" tests="1" name="runner.TestRunner3a" time="23.962" errors="0" timestamp="2020-04-13T07:21:35 IST" skipped="0">
  <testcase classname="runner.TestRunner3a" name="login" time="23.962"/>
  <system-out/>
</testsuite> <!-- runner.TestRunner3a -->
