<?xml version="1.0" encoding="UTF-8"?>
<!-- Generated by org.testng.reporters.JUnitReportReporter -->
<testsuite hostname="DESKTOP-FE86A6T" failures="0" tests="1" name="runner.TestRunner2" time="76.345" errors="0" timestamp="2020-04-13T07:13:36 IST" skipped="0">
  <testcase classname="runner.TestRunner2" name="login" time="76.345"/>
  <system-out/>
</testsuite> <!-- runner.TestRunner2 -->
