<?xml version="1.0" encoding="UTF-8"?>
<!-- Generated by org.testng.reporters.JUnitReportReporter -->
<testsuite hostname="DESKTOP-FE86A6T" failures="0" tests="1" name="runner.TestRunner4" time="111.523" errors="0" timestamp="2020-04-12T20:19:29 IST" skipped="0">
  <testcase classname="runner.TestRunner4" name="login" time="111.523"/>
  <system-out/>
</testsuite> <!-- runner.TestRunner4 -->
